[ 2016-05-25T17:02:18+08:00 ] 127.0.0.1 /thinkphp_3.2.3_full/index.php/User/Index/index.html
INFO: [ app_init ] --START--
INFO: Run Behavior\BuildLiteBehavior [ RunTime:0.000000s ]
INFO: [ app_init ] --END-- [ RunTime:0.001000s ]
INFO: [ app_begin ] --START--
INFO: Run Behavior\ReadHtmlCacheBehavior [ RunTime:0.001000s ]
INFO: [ app_begin ] --END-- [ RunTime:0.001000s ]
ERR: 无法加载控制器:Index

[ 2016-05-25T17:02:22+08:00 ] 127.0.0.1 /thinkphp_3.2.3_full/index.php/User/Index/index
INFO: [ app_init ] --START--
INFO: Run Behavior\BuildLiteBehavior [ RunTime:0.000000s ]
INFO: [ app_init ] --END-- [ RunTime:0.000000s ]
INFO: [ app_begin ] --START--
INFO: Run Behavior\ReadHtmlCacheBehavior [ RunTime:0.001000s ]
INFO: [ app_begin ] --END-- [ RunTime:0.001000s ]
ERR: 无法加载控制器:Index

[ 2016-05-25T17:04:19+08:00 ] 127.0.0.1 /thinkphp_3.2.3_full/index.php/User/Index/index
INFO: [ app_init ] --START--
INFO: Run Behavior\BuildLiteBehavior [ RunTime:0.000000s ]
INFO: [ app_init ] --END-- [ RunTime:0.000000s ]
INFO: [ app_begin ] --START--
INFO: Run Behavior\ReadHtmlCacheBehavior [ RunTime:0.001000s ]
INFO: [ app_begin ] --END-- [ RunTime:0.001000s ]

[ 2016-05-25T17:04:20+08:00 ] 127.0.0.1 /thinkphp_3.2.3_full/index.php/User/Index/index
INFO: [ app_init ] --START--
INFO: Run Behavior\BuildLiteBehavior [ RunTime:0.000000s ]
INFO: [ app_init ] --END-- [ RunTime:0.001000s ]
INFO: [ app_begin ] --START--
INFO: Run Behavior\ReadHtmlCacheBehavior [ RunTime:0.001000s ]
INFO: [ app_begin ] --END-- [ RunTime:0.001000s ]

[ 2016-05-25T17:04:50+08:00 ] 127.0.0.1 /thinkphp_3.2.3_full/index.php/User/Index/index
INFO: [ app_init ] --START--
INFO: Run Behavior\BuildLiteBehavior [ RunTime:0.000000s ]
INFO: [ app_init ] --END-- [ RunTime:0.001000s ]
INFO: [ app_begin ] --START--
INFO: Run Behavior\ReadHtmlCacheBehavior [ RunTime:0.001000s ]
INFO: [ app_begin ] --END-- [ RunTime:0.001000s ]
ERR: 无法加载控制器:Index

[ 2016-05-25T17:05:34+08:00 ] 127.0.0.1 /thinkphp_3.2.3_full/index.php/User/Index/index
INFO: [ app_init ] --START--
INFO: Run Behavior\BuildLiteBehavior [ RunTime:0.001000s ]
INFO: [ app_init ] --END-- [ RunTime:0.001000s ]
INFO: [ app_begin ] --START--
INFO: Run Behavior\ReadHtmlCacheBehavior [ RunTime:0.001000s ]
INFO: [ app_begin ] --END-- [ RunTime:0.001000s ]
ERR: 无法加载控制器:Index

[ 2016-05-25T17:05:35+08:00 ] 127.0.0.1 /thinkphp_3.2.3_full/index.php/User/Index/index
INFO: [ app_init ] --START--
INFO: Run Behavior\BuildLiteBehavior [ RunTime:0.000000s ]
INFO: [ app_init ] --END-- [ RunTime:0.001000s ]
INFO: [ app_begin ] --START--
INFO: Run Behavior\ReadHtmlCacheBehavior [ RunTime:0.001000s ]
INFO: [ app_begin ] --END-- [ RunTime:0.001000s ]
ERR: 无法加载控制器:Index

[ 2016-05-25T17:06:15+08:00 ] 127.0.0.1 /thinkphp_3.2.3_full/index.php/User/Index/index
INFO: [ app_init ] --START--
INFO: Run Behavior\BuildLiteBehavior [ RunTime:0.000000s ]
INFO: [ app_init ] --END-- [ RunTime:0.000000s ]
INFO: [ app_begin ] --START--
INFO: Run Behavior\ReadHtmlCacheBehavior [ RunTime:0.001000s ]
INFO: [ app_begin ] --END-- [ RunTime:0.001000s ]
ERR: 无法加载控制器:Index

[ 2016-05-25T17:06:16+08:00 ] 127.0.0.1 /thinkphp_3.2.3_full/index.php/User/Index/index
INFO: [ app_init ] --START--
INFO: Run Behavior\BuildLiteBehavior [ RunTime:0.000000s ]
INFO: [ app_init ] --END-- [ RunTime:0.001000s ]
INFO: [ app_begin ] --START--
INFO: Run Behavior\ReadHtmlCacheBehavior [ RunTime:0.000000s ]
INFO: [ app_begin ] --END-- [ RunTime:0.001000s ]
ERR: 无法加载控制器:Index

[ 2016-05-25T17:06:52+08:00 ] 127.0.0.1 /thinkphp_3.2.3_full/index.php/User/Index/index
INFO: [ app_init ] --START--
INFO: Run Behavior\BuildLiteBehavior [ RunTime:0.000000s ]
INFO: [ app_init ] --END-- [ RunTime:0.001000s ]
INFO: [ app_begin ] --START--
INFO: Run Behavior\ReadHtmlCacheBehavior [ RunTime:0.001000s ]
INFO: [ app_begin ] --END-- [ RunTime:0.001000s ]
ERR: 1146:Table 'wjytest.yunzhi_index_contr' doesn't exist
 [ SQL语句 ] : SHOW COLUMNS FROM `yunzhi_index_contr`
ERR: 1146:Table 'wjytest.yunzhi_index_contr' doesn't exist
 [ SQL语句 ] : SHOW COLUMNS FROM `yunzhi_index_contr`

[ 2016-05-25T17:07:04+08:00 ] 127.0.0.1 /thinkphp_3.2.3_full/index.php/User/Index/index
INFO: [ app_init ] --START--
INFO: Run Behavior\BuildLiteBehavior [ RunTime:0.000000s ]
INFO: [ app_init ] --END-- [ RunTime:0.001000s ]
INFO: [ app_begin ] --START--
INFO: Run Behavior\ReadHtmlCacheBehavior [ RunTime:0.000000s ]
INFO: [ app_begin ] --END-- [ RunTime:0.001000s ]
ERR: 1146:Table 'wjytest.yunzhi_index_contr' doesn't exist
 [ SQL语句 ] : SHOW COLUMNS FROM `yunzhi_index_contr`
ERR: 1146:Table 'wjytest.yunzhi_index_contr' doesn't exist
 [ SQL语句 ] : SHOW COLUMNS FROM `yunzhi_index_contr`

[ 2016-05-25T17:07:09+08:00 ] 127.0.0.1 /thinkphp_3.2.3_full/index.php/User/Index/index
INFO: [ app_init ] --START--
INFO: Run Behavior\BuildLiteBehavior [ RunTime:0.001000s ]
INFO: [ app_init ] --END-- [ RunTime:0.001000s ]
INFO: [ app_begin ] --START--
INFO: Run Behavior\ReadHtmlCacheBehavior [ RunTime:0.001000s ]
INFO: [ app_begin ] --END-- [ RunTime:0.001000s ]

[ 2016-05-25T17:07:14+08:00 ] 127.0.0.1 /thinkphp_3.2.3_full/index.php/User/Index/index
INFO: [ app_init ] --START--
INFO: Run Behavior\BuildLiteBehavior [ RunTime:0.000000s ]
INFO: [ app_init ] --END-- [ RunTime:0.001000s ]
INFO: [ app_begin ] --START--
INFO: Run Behavior\ReadHtmlCacheBehavior [ RunTime:0.001000s ]
INFO: [ app_begin ] --END-- [ RunTime:0.001000s ]
ERR: 1146:Table 'wjytest.yunzhi_index_contr' doesn't exist
 [ SQL语句 ] : SHOW COLUMNS FROM `yunzhi_index_contr`
ERR: 1146:Table 'wjytest.yunzhi_index_contr' doesn't exist
 [ SQL语句 ] : SHOW COLUMNS FROM `yunzhi_index_contr`

[ 2016-05-25T17:07:14+08:00 ] 127.0.0.1 /thinkphp_3.2.3_full/index.php/User/Index/index
INFO: [ app_init ] --START--
INFO: Run Behavior\BuildLiteBehavior [ RunTime:0.000000s ]
INFO: [ app_init ] --END-- [ RunTime:0.000000s ]
INFO: [ app_begin ] --START--
INFO: Run Behavior\ReadHtmlCacheBehavior [ RunTime:0.000000s ]
INFO: [ app_begin ] --END-- [ RunTime:0.000000s ]
ERR: 1146:Table 'wjytest.yunzhi_index_contr' doesn't exist
 [ SQL语句 ] : SHOW COLUMNS FROM `yunzhi_index_contr`
ERR: 1146:Table 'wjytest.yunzhi_index_contr' doesn't exist
 [ SQL语句 ] : SHOW COLUMNS FROM `yunzhi_index_contr`

[ 2016-05-25T17:09:04+08:00 ] 127.0.0.1 /thinkphp_3.2.3_full/index.php/User/Index/index
INFO: [ app_init ] --START--
INFO: Run Behavior\BuildLiteBehavior [ RunTime:0.000000s ]
INFO: [ app_init ] --END-- [ RunTime:0.001000s ]
INFO: [ app_begin ] --START--
INFO: Run Behavior\ReadHtmlCacheBehavior [ RunTime:0.001000s ]
INFO: [ app_begin ] --END-- [ RunTime:0.001000s ]
ERR: 1146:Table 'wjytest.yunzhi_index_contr' doesn't exist
 [ SQL语句 ] : SHOW COLUMNS FROM `yunzhi_index_contr`
ERR: 1146:Table 'wjytest.yunzhi_index_contr' doesn't exist
 [ SQL语句 ] : SHOW COLUMNS FROM `yunzhi_index_contr`

[ 2016-05-25T17:09:21+08:00 ] 127.0.0.1 /thinkphp_3.2.3_full/index.php/User/
INFO: [ app_init ] --START--
INFO: Run Behavior\BuildLiteBehavior [ RunTime:0.000000s ]
INFO: [ app_init ] --END-- [ RunTime:0.000000s ]
INFO: [ app_begin ] --START--
INFO: Run Behavior\ReadHtmlCacheBehavior [ RunTime:0.001000s ]
INFO: [ app_begin ] --END-- [ RunTime:0.001000s ]
ERR: 1146:Table 'wjytest.yunzhi_index_contr' doesn't exist
 [ SQL语句 ] : SHOW COLUMNS FROM `yunzhi_index_contr`
ERR: 1146:Table 'wjytest.yunzhi_index_contr' doesn't exist
 [ SQL语句 ] : SHOW COLUMNS FROM `yunzhi_index_contr`

[ 2016-05-25T17:11:32+08:00 ] 127.0.0.1 /thinkphp_3.2.3_full/index.php/User/
INFO: [ app_init ] --START--
INFO: Run Behavior\BuildLiteBehavior [ RunTime:0.000000s ]
INFO: [ app_init ] --END-- [ RunTime:0.000000s ]
INFO: [ app_begin ] --START--
INFO: Run Behavior\ReadHtmlCacheBehavior [ RunTime:0.000000s ]
INFO: [ app_begin ] --END-- [ RunTime:0.000000s ]
ERR: 1146:Table 'wjytest.yunzhi_index_contr' doesn't exist
 [ SQL语句 ] : SHOW COLUMNS FROM `yunzhi_index_contr`
ERR: 1146:Table 'wjytest.yunzhi_index_contr' doesn't exist
 [ SQL语句 ] : SHOW COLUMNS FROM `yunzhi_index_contr`

[ 2016-05-25T17:14:51+08:00 ] 127.0.0.1 /thinkphp_3.2.3_full/index.php/User/Index/index
INFO: [ app_init ] --START--
INFO: Run Behavior\BuildLiteBehavior [ RunTime:0.000000s ]
INFO: [ app_init ] --END-- [ RunTime:0.000000s ]
INFO: [ app_begin ] --START--
INFO: Run Behavior\ReadHtmlCacheBehavior [ RunTime:0.001000s ]
INFO: [ app_begin ] --END-- [ RunTime:0.001000s ]
ERR: 1146:Table 'wjytest.yunzhi_index_contr' doesn't exist
 [ SQL语句 ] : SHOW COLUMNS FROM `yunzhi_index_contr`
ERR: 1146:Table 'wjytest.yunzhi_index_contr' doesn't exist
 [ SQL语句 ] : SHOW COLUMNS FROM `yunzhi_index_contr`

[ 2016-05-25T17:14:52+08:00 ] 127.0.0.1 /thinkphp_3.2.3_full/index.php/User/Index/index
INFO: [ app_init ] --START--
INFO: Run Behavior\BuildLiteBehavior [ RunTime:0.000000s ]
INFO: [ app_init ] --END-- [ RunTime:0.000000s ]
INFO: [ app_begin ] --START--
INFO: Run Behavior\ReadHtmlCacheBehavior [ RunTime:0.000000s ]
INFO: [ app_begin ] --END-- [ RunTime:0.000000s ]
ERR: 1146:Table 'wjytest.yunzhi_index_contr' doesn't exist
 [ SQL语句 ] : SHOW COLUMNS FROM `yunzhi_index_contr`
ERR: 1146:Table 'wjytest.yunzhi_index_contr' doesn't exist
 [ SQL语句 ] : SHOW COLUMNS FROM `yunzhi_index_contr`

[ 2016-05-25T17:14:52+08:00 ] 127.0.0.1 /thinkphp_3.2.3_full/index.php/User/Index/index
INFO: [ app_init ] --START--
INFO: Run Behavior\BuildLiteBehavior [ RunTime:0.000000s ]
INFO: [ app_init ] --END-- [ RunTime:0.001000s ]
INFO: [ app_begin ] --START--
INFO: Run Behavior\ReadHtmlCacheBehavior [ RunTime:0.001000s ]
INFO: [ app_begin ] --END-- [ RunTime:0.001000s ]
ERR: 1146:Table 'wjytest.yunzhi_index_contr' doesn't exist
 [ SQL语句 ] : SHOW COLUMNS FROM `yunzhi_index_contr`
ERR: 1146:Table 'wjytest.yunzhi_index_contr' doesn't exist
 [ SQL语句 ] : SHOW COLUMNS FROM `yunzhi_index_contr`

[ 2016-05-25T17:14:52+08:00 ] 127.0.0.1 /thinkphp_3.2.3_full/index.php/User/Index/index
INFO: [ app_init ] --START--
INFO: Run Behavior\BuildLiteBehavior [ RunTime:0.000000s ]
INFO: [ app_init ] --END-- [ RunTime:0.000000s ]
INFO: [ app_begin ] --START--
INFO: Run Behavior\ReadHtmlCacheBehavior [ RunTime:0.001000s ]
INFO: [ app_begin ] --END-- [ RunTime:0.001000s ]
ERR: 1146:Table 'wjytest.yunzhi_index_contr' doesn't exist
 [ SQL语句 ] : SHOW COLUMNS FROM `yunzhi_index_contr`
ERR: 1146:Table 'wjytest.yunzhi_index_contr' doesn't exist
 [ SQL语句 ] : SHOW COLUMNS FROM `yunzhi_index_contr`

[ 2016-05-25T17:14:53+08:00 ] 127.0.0.1 /thinkphp_3.2.3_full/index.php/User/Index/index
INFO: [ app_init ] --START--
INFO: Run Behavior\BuildLiteBehavior [ RunTime:0.000000s ]
INFO: [ app_init ] --END-- [ RunTime:0.001001s ]
INFO: [ app_begin ] --START--
INFO: Run Behavior\ReadHtmlCacheBehavior [ RunTime:0.001000s ]
INFO: [ app_begin ] --END-- [ RunTime:0.001000s ]
ERR: 1146:Table 'wjytest.yunzhi_index_contr' doesn't exist
 [ SQL语句 ] : SHOW COLUMNS FROM `yunzhi_index_contr`
ERR: 1146:Table 'wjytest.yunzhi_index_contr' doesn't exist
 [ SQL语句 ] : SHOW COLUMNS FROM `yunzhi_index_contr`

[ 2016-05-25T17:14:53+08:00 ] 127.0.0.1 /thinkphp_3.2.3_full/index.php/User/Index/index
INFO: [ app_init ] --START--
INFO: Run Behavior\BuildLiteBehavior [ RunTime:0.000000s ]
INFO: [ app_init ] --END-- [ RunTime:0.001000s ]
INFO: [ app_begin ] --START--
INFO: Run Behavior\ReadHtmlCacheBehavior [ RunTime:0.000000s ]
INFO: [ app_begin ] --END-- [ RunTime:0.000000s ]
ERR: 1146:Table 'wjytest.yunzhi_index_contr' doesn't exist
 [ SQL语句 ] : SHOW COLUMNS FROM `yunzhi_index_contr`
ERR: 1146:Table 'wjytest.yunzhi_index_contr' doesn't exist
 [ SQL语句 ] : SHOW COLUMNS FROM `yunzhi_index_contr`

[ 2016-05-25T17:14:54+08:00 ] 127.0.0.1 /thinkphp_3.2.3_full/index.php/User/Index/index
INFO: [ app_init ] --START--
INFO: Run Behavior\BuildLiteBehavior [ RunTime:0.000000s ]
INFO: [ app_init ] --END-- [ RunTime:0.022002s ]
INFO: [ app_begin ] --START--
INFO: Run Behavior\ReadHtmlCacheBehavior [ RunTime:0.001000s ]
INFO: [ app_begin ] --END-- [ RunTime:0.001000s ]
ERR: 1146:Table 'wjytest.yunzhi_index_contr' doesn't exist
 [ SQL语句 ] : SHOW COLUMNS FROM `yunzhi_index_contr`
ERR: 1146:Table 'wjytest.yunzhi_index_contr' doesn't exist
 [ SQL语句 ] : SHOW COLUMNS FROM `yunzhi_index_contr`

[ 2016-05-25T17:14:54+08:00 ] 127.0.0.1 /thinkphp_3.2.3_full/index.php/User/Index/index
INFO: [ app_init ] --START--
INFO: Run Behavior\BuildLiteBehavior [ RunTime:0.000000s ]
INFO: [ app_init ] --END-- [ RunTime:0.000000s ]
INFO: [ app_begin ] --START--
INFO: Run Behavior\ReadHtmlCacheBehavior [ RunTime:0.000000s ]
INFO: [ app_begin ] --END-- [ RunTime:0.001000s ]
ERR: 1146:Table 'wjytest.yunzhi_index_contr' doesn't exist
 [ SQL语句 ] : SHOW COLUMNS FROM `yunzhi_index_contr`
ERR: 1146:Table 'wjytest.yunzhi_index_contr' doesn't exist
 [ SQL语句 ] : SHOW COLUMNS FROM `yunzhi_index_contr`

